- Lockfile written to "~/renv.lock".
Styling  7  files:
 quarto.qmd              ✔ 
 r-markdown.Rmd          ✔ 
 r-script.R              ✔ 
 r-guide/how-to.qmd      ✔ 
 r-guide/index.qmd       ✔ 
 r-guide/style-guide.qmd ✔ 
 utils/run-all.R         ✔ 
────────────────────────────────────────
Status	Count	Legend 
✔ 	7	File unchanged.
ℹ 	0	File changed.
✖ 	0	Styling threw an error.
────────────────────────────────────────
[31m── [1mAttaching core tidyverse packages[22m ──────────────────────── tidyverse 2.0.0 ──
[32m✔[31m [34mdplyr    [31m 1.1.4     [32m✔[31m [34mreadr    [31m 2.1.5
[32m✔[31m [34mforcats  [31m 1.0.0     [32m✔[31m [34mstringr  [31m 1.5.1
[32m✔[31m [34mggplot2  [31m 3.5.0     [32m✔[31m [34mtibble   [31m 3.2.1
[32m✔[31m [34mlubridate[31m 1.9.3     [32m✔[31m [34mtidyr    [31m 1.3.1
[32m✔[31m [34mpurrr    [31m 1.0.2     
[39m[31m── [1mConflicts[22m ────────────────────────────────────────── tidyverse_conflicts() ──
[31m✖[31m [34mdplyr[31m::[32mfilter()[31m masks [34mstats[31m::filter()
[31m✖[31m [34mdplyr[31m::[32mlag()[31m    masks [34mstats[31m::lag()
[36mℹ[31m Use the conflicted package ([3m[34m<http://conflicted.r-lib.org/>[31m[23m) to force all conflicts to become errors
[39m[31m[1m[22m`geom_smooth()` using method = 'loess' and formula = 'y ~ x'
[39m$`r-script.R`
$`r-script.R`$status
[1] 0

$`r-script.R`$stdout
[1] ""

$`r-script.R`$stderr
[1] "── \033[1mAttaching core tidyverse packages\033[22m ──────────────────────── tidyverse 2.0.0 ──\n\033[32m✔\033[39m \033[34mdplyr    \033[39m 1.1.4     \033[32m✔\033[39m \033[34mreadr    \033[39m 2.1.5\n\033[32m✔\033[39m \033[34mforcats  \033[39m 1.0.0     \033[32m✔\033[39m \033[34mstringr  \033[39m 1.5.1\n\033[32m✔\033[39m \033[34mggplot2  \033[39m 3.5.0     \033[32m✔\033[39m \033[34mtibble   \033[39m 3.2.1\n\033[32m✔\033[39m \033[34mlubridate\033[39m 1.9.3     \033[32m✔\033[39m \033[34mtidyr    \033[39m 1.3.1\n\033[32m✔\033[39m \033[34mpurrr    \033[39m 1.0.2     \n── \033[1mConflicts\033[22m ────────────────────────────────────────── tidyverse_conflicts() ──\n\033[31m✖\033[39m \033[34mdplyr\033[39m::\033[32mfilter()\033[39m masks \033[34mstats\033[39m::filter()\n\033[31m✖\033[39m \033[34mdplyr\033[39m::\033[32mlag()\033[39m    masks \033[34mstats\033[39m::lag()\n\033[36mℹ\033[39m Use the conflicted package (\033[3m\033[34m<http://conflicted.r-lib.org/>\033[39m\033[23m) to force all conflicts to become errors\n\033[1m\033[22m`geom_smooth()` using method = 'loess' and formula = 'y ~ x'\n"

$`r-script.R`$timeout
[1] FALSE

$`r-script.R`$command
[1] "/usr/local/lib/R/bin/Rscript" "r-script.R"                  


  |                                                                    |                                                            |   0%  |                                                                    |............                                                |  20%            |                                                                    |........................                                    |  40% [options]  |                                                                    |....................................                        |  60%            |                                                                    |................................................            |  80% [snippet]  |                                                                    |............................................................| 100%                                                                                                              
/usr/lib/rstudio-server/bin/quarto/bin/tools/pandoc +RTS -K512m -RTS r-markdown.knit.md --to html4 --from markdown+autolink_bare_uris+tex_math_single_backslash --output r-markdown.html --lua-filter /usr/local/lib/R/site-library/rmarkdown/rmarkdown/lua/pagebreak.lua --lua-filter /usr/local/lib/R/site-library/rmarkdown/rmarkdown/lua/latex-div.lua --embed-resources --standalone --variable bs3=TRUE --section-divs --table-of-contents --toc-depth 3 --variable toc_float=1 --variable toc_selectors=h1,h2,h3 --variable toc_collapsed=1 --variable toc_smooth_scroll=1 --variable toc_print=1 --template /usr/local/lib/R/site-library/rmarkdown/rmd/h/default.html --no-highlight --variable highlightjs=1 --variable theme=bootstrap --mathjax --variable 'mathjax-url=https://mathjax.rstudio.com/latest/MathJax.js?config=TeX-AMS-MML_HTMLorMML' --include-in-header /tmp/RtmpJC4vRE/rmarkdown-str26212ffcf2c.html --variable code_folding=hide --variable source_embed=r-markdown.Rmd --include-after-body /tmp/RtmpJC4vRE/file26269e8770f.html --variable code_menu=1 --variable kable-scroll=1 
$`r-markdown.Rmd`
[1] "/home/rstudio/r-markdown.nb.html"

[1m[22m[90m[conflicted][39m Will prefer [1m[34mcallr[39m[22m::run over any other package.
Finding R package dependencies ... Done!
 [1] TRUE TRUE TRUE TRUE TRUE TRUE TRUE TRUE TRUE TRUE TRUE TRUE TRUE TRUE TRUE TRUE TRUE TRUE TRUE
[20] TRUE TRUE TRUE TRUE TRUE TRUE TRUE TRUE TRUE TRUE TRUE TRUE TRUE
R version 4.3.3 (2024-02-29)
Platform: x86_64-pc-linux-gnu (64-bit)
Running under: Ubuntu 22.04.4 LTS

Matrix products: default
BLAS:   /usr/lib/x86_64-linux-gnu/openblas-pthread/libblas.so.3 
LAPACK: /usr/lib/x86_64-linux-gnu/openblas-pthread/libopenblasp-r0.3.20.so;  LAPACK version 3.10.0

locale:
 [1] LC_CTYPE=en_US.UTF-8       LC_NUMERIC=C               LC_TIME=en_US.UTF-8       
 [4] LC_COLLATE=en_US.UTF-8     LC_MONETARY=en_US.UTF-8    LC_MESSAGES=en_US.UTF-8   
 [7] LC_PAPER=en_US.UTF-8       LC_NAME=C                  LC_ADDRESS=C              
[10] LC_TELEPHONE=C             LC_MEASUREMENT=en_US.UTF-8 LC_IDENTIFICATION=C       

time zone: Etc/UTC
tzcode source: system (glibc)

attached base packages:
[1] stats     graphics  grDevices utils     datasets  methods   base     

other attached packages:
 [1] styler_1.10.2    lintr_3.1.1      renv_1.0.5       rmarkdown_2.26   skimr_2.1.5     
 [6] reactable_0.4.4  patchwork_1.2.0  knitr_1.45       ggeffects_1.5.0  conflicted_1.2.0
[11] broom_1.0.5      lubridate_1.9.3  forcats_1.0.0    stringr_1.5.1    dplyr_1.1.4     
[16] readr_2.1.5      tidyr_1.3.1      tibble_3.2.1     ggplot2_3.5.0    tidyverse_2.0.0 
[21] purrr_1.0.2      fs_1.6.3         callr_3.7.5     

loaded via a namespace (and not attached):
 [1] gtable_0.3.4       xfun_0.42          bslib_0.6.1        htmlwidgets_1.6.4  remotes_2.4.2.1   
 [6] insight_0.19.9     processx_3.8.3     lattice_0.22-5     tzdb_0.4.0         vctrs_0.6.5       
[11] tools_4.3.3        ps_1.7.6           generics_0.1.3     fansi_1.0.6        highr_0.10        
[16] pkgconfig_2.0.3    R.oo_1.26.0        Matrix_1.6-5       data.table_1.15.2  desc_1.4.3        
[21] lifecycle_1.0.4    R.cache_0.16.0     farver_2.1.1       compiler_4.3.3     munsell_0.5.0     
[26] repr_1.1.6         htmltools_0.5.7    sass_0.4.8         yaml_2.3.8         lazyeval_0.2.2    
[31] pillar_1.9.0       crayon_1.5.2       jquerylib_0.1.4    R.utils_2.12.3     cachem_1.0.8      
[36] nlme_3.1-164       xmlparsedata_1.0.5 tidyselect_1.2.1   digest_0.6.35      stringi_1.8.3     
[41] labeling_0.4.3     splines_4.3.3      fastmap_1.1.1      grid_4.3.3         colorspace_2.1-0  
[46] cli_3.6.2          magrittr_2.0.3     base64enc_0.1-3    utf8_1.2.4         withr_3.0.0       
[51] scales_1.3.0       backports_1.4.1    cyclocomp_1.1.1    timechange_0.3.0   R.methodsS3_1.8.2 
[56] hms_1.1.3          memoise_2.0.1      evaluate_0.23      rex_1.2.1          mgcv_1.9-1        
[61] rlang_1.1.3        glue_1.7.0         xml2_1.3.6         rstudioapi_0.15.0  jsonlite_1.8.8    
[66] R6_2.5.1          
